#
# There is insufficient memory for the Java Runtime Environment to continue.
# Native memory allocation (malloc) failed to allocate 692064 bytes for Chunk::new
# Possible reasons:
#   The system is out of physical RAM or swap space
#   The process is running with CompressedOops enabled, and the Java Heap may be blocking the growth of the native heap
# Possible solutions:
#   Reduce memory load on the system
#   Increase physical memory or swap space
#   Check if swap backing store is full
#   Decrease Java heap size (-Xmx/-Xms)
#   Decrease number of Java threads
#   Decrease Java thread stack sizes (-Xss)
#   Set larger code cache with -XX:ReservedCodeCacheSize=
#   JVM is running with Unscaled Compressed Oops mode in which the Java heap is
#     placed in the first 4GB address space. The Java Heap base address is the
#     maximum limit for the native heap growth. Please use -XX:HeapBaseMinAddress
#     to set the Java Heap base and to place the Java Heap above 4GB virtual address.
# This output file may be truncated or incomplete.
#
#  Out of Memory Error (allocation.cpp:389), pid=23944, tid=0x0000000000000cb4
#
# JRE version: OpenJDK Runtime Environment (8.0_242-b01) (build 1.8.0_242-release-1644-b01)
# Java VM: OpenJDK 64-Bit Server VM (25.242-b01 mixed mode windows-amd64 compressed oops)
# Failed to write core dump. Minidumps are not enabled by default on client versions of Windows
#

---------------  T H R E A D  ---------------

Current thread (0x000000001826f800):  JavaThread "C2 CompilerThread0" daemon [_thread_in_native, id=3252, stack(0x0000000018b70000,0x0000000018c70000)]

Stack: [0x0000000018b70000,0x0000000018c70000]
[error occurred during error reporting (printing stack bounds), id 0xc0000005]

Native frames: (J=compiled Java code, j=interpreted, Vv=VM code, C=native code)


Current CompileTask:
C2:   3774  813       4       java.io.WinNTFileSystem::normalize (143 bytes)


---------------  P R O C E S S  ---------------

Java Threads: ( => current thread )
  0x000000001977f800 JavaThread "pool-1-thread-1" [_thread_blocked, id=13160, stack(0x000000001a940000,0x000000001aa40000)]
  0x0000000018353000 JavaThread "Service Thread" daemon [_thread_blocked, id=23824, stack(0x0000000018f70000,0x0000000019070000)]
  0x0000000018322800 JavaThread "C1 CompilerThread3" daemon [_thread_blocked, id=14820, stack(0x0000000018e70000,0x0000000018f70000)]
  0x0000000018309800 JavaThread "C2 CompilerThread2" daemon [_thread_blocked, id=16372, stack(0x0000000018d70000,0x0000000018e70000)]
  0x0000000018273000 JavaThread "C2 CompilerThread1" daemon [_thread_blocked, id=20844, stack(0x0000000018c70000,0x0000000018d70000)]
=>0x000000001826f800 JavaThread "C2 CompilerThread0" daemon [_thread_in_native, id=3252, stack(0x0000000018b70000,0x0000000018c70000)]
  0x000000001826d800 JavaThread "Attach Listener" daemon [_thread_blocked, id=14644, stack(0x0000000018a70000,0x0000000018b70000)]
  0x00000000182bd800 JavaThread "Signal Dispatcher" daemon [_thread_blocked, id=22996, stack(0x0000000018970000,0x0000000018a70000)]
  0x000000000272d800 JavaThread "Finalizer" daemon [_thread_blocked, id=2840, stack(0x0000000018740000,0x0000000018840000)]
  0x0000000018260800 JavaThread "Reference Handler" daemon [_thread_blocked, id=24100, stack(0x0000000018640000,0x0000000018740000)]
  0x0000000002632800 JavaThread "main" [_thread_in_native, id=18832, stack(0x0000000002530000,0x0000000002630000)]

Other Threads:
  0x0000000016456800 VMThread [stack: 0x0000000018140000,0x0000000018240000] [id=18000]
  0x0000000018355000 WatcherThread [stack: 0x0000000019070000,0x0000000019170000] [id=9364]

VM state:not at safepoint (normal execution)

VM Mutex/Monitor currently owned by a thread: None

heap address: 0x00000000a1000000, size: 1520 MB, Compressed Oops mode: 32-bit
Narrow klass base: 0x0000000000000000, Narrow klass shift: 3
Compressed class space size: 1073741824 Address: 0x0000000100000000

Heap:
 PSYoungGen      total 28672K, used 18941K [0x00000000e0580000, 0x00000000e2580000, 0x0000000100000000)
  eden space 24576K, 61% used [0x00000000e0580000,0x00000000e14470f0,0x00000000e1d80000)
  from space 4096K, 93% used [0x00000000e1d80000,0x00000000e21385c0,0x00000000e2180000)
  to   space 4096K, 0% used [0x00000000e2180000,0x00000000e2180000,0x00000000e2580000)
 ParOldGen       total 65536K, used 8K [0x00000000a1000000, 0x00000000a5000000, 0x00000000e0580000)
  object space 65536K, 0% used [0x00000000a1000000,0x00000000a1002000,0x00000000a5000000)
 Metaspace       used 9738K, capacity 9960K, committed 10112K, reserved 1058816K
  class space    used 1277K, capacity 1359K, committed 1408K, reserved 1048576K

Card table byte_map: [0x0000000011af0000,0x0000000011df0000] byte_map_base: 0x00000000115e8000

Marking Bits: (ParMarkBitMap*) 0x000000007377f030
 Begin Bits: [0x00000000127f0000, 0x0000000013fb0000)
 End Bits:   [0x0000000013fb0000, 0x0000000015770000)

Polling page: 0x0000000002380000

CodeCache: size=245760Kb used=3228Kb max_used=3228Kb free=242531Kb
 bounds [0x0000000002730000, 0x0000000002a60000, 0x0000000011730000]
 total_blobs=1185 nmethods=845 adapters=255
 compilation: enabled

Compilation events (10 events):
Event: 3.730 Thread 0x0000000018322800  842       3       java.io.File::getAbsoluteFile (21 bytes)
Event: 3.731 Thread 0x0000000018322800 nmethod 842 0x0000000002a4f490 code [0x0000000002a4f620, 0x0000000002a4f9d8]
Event: 3.731 Thread 0x0000000018322800  843       3       java.util.Hashtable::<init> (114 bytes)
Event: 3.732 Thread 0x0000000018273000  845       4       java.util.jar.Manifest$FastInputStream::readLine (167 bytes)
Event: 3.732 Thread 0x0000000018322800 nmethod 843 0x0000000002a54390 code [0x0000000002a54680, 0x0000000002a55a78]
Event: 3.733 Thread 0x0000000018322800  844       3       java.util.Dictionary::<init> (5 bytes)
Event: 3.733 Thread 0x0000000018322800 nmethod 844 0x0000000002a4f0d0 code [0x0000000002a4f220, 0x0000000002a4f3d0]
Event: 3.738 Thread 0x0000000018273000 nmethod 845 0x0000000002a4e910 code [0x0000000002a4ea60, 0x0000000002a4ee68]
Event: 3.743 Thread 0x0000000018322800  846   !   3       java.util.jar.Attributes::read (380 bytes)
Event: 3.745 Thread 0x0000000018322800 nmethod 846 0x0000000002a57ed0 code [0x0000000002a58320, 0x0000000002a5a8c8]

GC Heap History (2 events):
Event: 2.463 GC heap before
{Heap before GC invocations=1 (full 0):
 PSYoungGen      total 28672K, used 24576K [0x00000000e0580000, 0x00000000e2580000, 0x0000000100000000)
  eden space 24576K, 100% used [0x00000000e0580000,0x00000000e1d80000,0x00000000e1d80000)
  from space 4096K, 0% used [0x00000000e2180000,0x00000000e2180000,0x00000000e2580000)
  to   space 4096K, 0% used [0x00000000e1d80000,0x00000000e1d80000,0x00000000e2180000)
 ParOldGen       total 65536K, used 0K [0x00000000a1000000, 0x00000000a5000000, 0x00000000e0580000)
  object space 65536K, 0% used [0x00000000a1000000,0x00000000a1000000,0x00000000a5000000)
 Metaspace       used 7630K, capacity 7858K, committed 8064K, reserved 1056768K
  class space    used 950K, capacity 1046K, committed 1152K, reserved 1048576K
Event: 2.468 GC heap after
Heap after GC invocations=1 (full 0):
 PSYoungGen      total 28672K, used 3809K [0x00000000e0580000, 0x00000000e2580000, 0x0000000100000000)
  eden space 24576K, 0% used [0x00000000e0580000,0x00000000e0580000,0x00000000e1d80000)
  from space 4096K, 93% used [0x00000000e1d80000,0x00000000e21385c0,0x00000000e2180000)
  to   space 4096K, 0% used [0x00000000e2180000,0x00000000e2180000,0x00000000e2580000)
 ParOldGen       total 65536K, used 8K [0x00000000a1000000, 0x00000000a5000000, 0x00000000e0580000)
  object space 65536K, 0% used [0x00000000a1000000,0x00000000a1002000,0x00000000a5000000)
 Metaspace       used 7630K, capacity 7858K, committed 8064K, reserved 1056768K
  class space    used 950K, capacity 1046K, committed 1152K, reserved 1048576K
}

Deoptimization events (8 events):
Event: 2.296 Thread 0x0000000002632800 Uncommon trap: reason=unstable_if action=reinterpret pc=0x00000000028cd240 method=java.util.regex.Matcher.reset()Ljava/util/regex/Matcher; @ 47
Event: 2.297 Thread 0x0000000002632800 Uncommon trap: reason=class_check action=maybe_recompile pc=0x00000000028cfddc method=java.util.regex.Matcher.match(II)Z @ 86
Event: 2.297 Thread 0x0000000002632800 Uncommon trap: reason=class_check action=maybe_recompile pc=0x00000000028cfddc method=java.util.regex.Matcher.match(II)Z @ 86
Event: 2.298 Thread 0x0000000002632800 Uncommon trap: reason=class_check action=maybe_recompile pc=0x00000000028cfddc method=java.util.regex.Matcher.match(II)Z @ 86
Event: 2.298 Thread 0x0000000002632800 Uncommon trap: reason=class_check action=maybe_recompile pc=0x00000000028cfddc method=java.util.regex.Matcher.match(II)Z @ 86
Event: 2.559 Thread 0x0000000002632800 Uncommon trap: reason=unstable_if action=reinterpret pc=0x00000000029a8bec method=java.util.HashMap.hash(Ljava/lang/Object;)I @ 1
Event: 2.769 Thread 0x0000000002632800 Uncommon trap: reason=unstable_if action=reinterpret pc=0x0000000002994d30 method=java.util.HashMap.getNode(ILjava/lang/Object;)Ljava/util/HashMap$Node; @ 129
Event: 2.769 Thread 0x0000000002632800 Uncommon trap: reason=bimorphic action=maybe_recompile pc=0x00000000029a9eb8 method=java.util.HashMap.putVal(ILjava/lang/Object;Ljava/lang/Object;ZZ)Ljava/lang/Object; @ 203

Classes redefined (0 events):
No events

Internal exceptions (10 events):
Event: 2.559 Thread 0x0000000002632800 Implicit null exception at 0x00000000029a89d5 to 0x00000000029a8bdd
Event: 2.567 Thread 0x0000000002632800 Exception <a 'java/lang/ArrayIndexOutOfBoundsException'> (0x00000000e0921bb8) thrown at [C:\src\AOSP-openjdk-git\hotspot\src\share\vm\runtime\sharedRuntime.cpp, line 605]
Event: 2.568 Thread 0x0000000002632800 Exception <a 'java/lang/ArrayIndexOutOfBoundsException'> (0x00000000e0925f10) thrown at [C:\src\AOSP-openjdk-git\hotspot\src\share\vm\runtime\sharedRuntime.cpp, line 605]
Event: 2.579 Thread 0x0000000002632800 Exception <a 'java/lang/ArrayIndexOutOfBoundsException'> (0x00000000e0988cb0) thrown at [C:\src\AOSP-openjdk-git\hotspot\src\share\vm\runtime\sharedRuntime.cpp, line 605]
Event: 2.580 Thread 0x0000000002632800 Exception <a 'java/lang/ArrayIndexOutOfBoundsException'> (0x00000000e098a078) thrown at [C:\src\AOSP-openjdk-git\hotspot\src\share\vm\runtime\sharedRuntime.cpp, line 605]
Event: 2.581 Thread 0x0000000002632800 Exception <a 'java/lang/ArrayIndexOutOfBoundsException'> (0x00000000e098b6f8) thrown at [C:\src\AOSP-openjdk-git\hotspot\src\share\vm\runtime\sharedRuntime.cpp, line 605]
Event: 2.581 Thread 0x0000000002632800 Exception <a 'java/lang/ArrayIndexOutOfBoundsException'> (0x00000000e098ef28) thrown at [C:\src\AOSP-openjdk-git\hotspot\src\share\vm\runtime\sharedRuntime.cpp, line 605]
Event: 2.581 Thread 0x0000000002632800 Exception <a 'java/lang/ArrayIndexOutOfBoundsException'> (0x00000000e0990810) thrown at [C:\src\AOSP-openjdk-git\hotspot\src\share\vm\runtime\sharedRuntime.cpp, line 605]
Event: 2.633 Thread 0x0000000002632800 Exception <a 'java/lang/NoSuchFieldError': method resolution failed> (0x00000000e0b5c798) thrown at [C:\src\AOSP-openjdk-git\hotspot\src\share\vm\prims\methodHandles.cpp, line 1167]
Event: 2.635 Thread 0x0000000002632800 Exception <a 'java/lang/NoSuchFieldError': method resolution failed> (0x00000000e0b6a768) thrown at [C:\src\AOSP-openjdk-git\hotspot\src\share\vm\prims\methodHandles.cpp, line 1167]

Events (10 events):
Event: 3.571 loading class org/gradle/internal/classloader/SystemClassLoaderSpec
Event: 3.571 loading class org/gradle/internal/classloader/SystemClassLoaderSpec done
Event: 3.571 loading class org/gradle/internal/classloader/ClassLoaderSpec
Event: 3.571 loading class org/gradle/internal/classloader/ClassLoaderSpec done
Event: 3.596 loading class org/gradle/api/internal/classpath/ManifestUtil
Event: 3.596 loading class org/gradle/api/internal/classpath/ManifestUtil done
Event: 3.645 Thread 0x0000000002632800 DEOPT PACKING pc=0x00000000028d6371 sp=0x000000000262d600
Event: 3.645 Thread 0x0000000002632800 DEOPT UNPACKING pc=0x00000000027771d0 sp=0x000000000262d348 mode 0
Event: 3.649 Thread 0x0000000002632800 DEOPT PACKING pc=0x00000000028d6371 sp=0x000000000262d600
Event: 3.649 Thread 0x0000000002632800 DEOPT UNPACKING pc=0x00000000027771d0 sp=0x000000000262d348 mode 0


Dynamic libraries:
0x00007ff697110000 - 0x00007ff697141000 	C:\Program Files\Android\Android Studio\jre\bin\java.exe
0x00007ffc130e0000 - 0x00007ffc132d0000 	C:\Windows\SYSTEM32\ntdll.dll
0x00007ffc129a0000 - 0x00007ffc12a52000 	C:\Windows\System32\KERNEL32.DLL
0x00007ffc10b40000 - 0x00007ffc10de5000 	C:\Windows\System32\KERNELBASE.dll
0x00007ffc12be0000 - 0x00007ffc12c83000 	C:\Windows\System32\ADVAPI32.dll
0x00007ffc12890000 - 0x00007ffc1292e000 	C:\Windows\System32\msvcrt.dll
0x00007ffc11620000 - 0x00007ffc116b7000 	C:\Windows\System32\sechost.dll
0x00007ffc12ac0000 - 0x00007ffc12be0000 	C:\Windows\System32\RPCRT4.dll
0x00007ffc12c90000 - 0x00007ffc12e24000 	C:\Windows\System32\USER32.dll
0x00007ffc10100000 - 0x00007ffc10121000 	C:\Windows\System32\win32u.dll
0x00007ffc12ff0000 - 0x00007ffc13016000 	C:\Windows\System32\GDI32.dll
0x00007ffc108c0000 - 0x00007ffc10a56000 	C:\Windows\System32\gdi32full.dll
0x00007ffc10060000 - 0x00007ffc100fe000 	C:\Windows\System32\msvcp_win.dll
0x00007ffc10df0000 - 0x00007ffc10eea000 	C:\Windows\System32\ucrtbase.dll
0x00007ffbf4620000 - 0x00007ffbf48a4000 	C:\Windows\WinSxS\amd64_microsoft.windows.common-controls_6595b64144ccf1df_6.0.18362.1198_none_9e820b57e45ad92f\COMCTL32.dll
0x00007ffc124e0000 - 0x00007ffc12815000 	C:\Windows\System32\combase.dll
0x00007ffc10a60000 - 0x00007ffc10ae0000 	C:\Windows\System32\bcryptPrimitives.dll
0x00007ffc112d0000 - 0x00007ffc112fe000 	C:\Windows\System32\IMM32.DLL
0x0000000072ed0000 - 0x0000000072fa2000 	C:\Program Files\Android\Android Studio\jre\jre\bin\msvcr100.dll
0x0000000072fb0000 - 0x00000000737fb000 	C:\Program Files\Android\Android Studio\jre\jre\bin\server\jvm.dll
0x00007ffc11460000 - 0x00007ffc11468000 	C:\Windows\System32\PSAPI.DLL
0x00007ffbff500000 - 0x00007ffbff509000 	C:\Windows\SYSTEM32\WSOCK32.dll
0x00007ffc0db60000 - 0x00007ffc0db84000 	C:\Windows\SYSTEM32\WINMM.dll
0x00007ffc11f50000 - 0x00007ffc11fbf000 	C:\Windows\System32\WS2_32.dll
0x00007ffc0d6e0000 - 0x00007ffc0d70d000 	C:\Windows\SYSTEM32\winmmbase.dll
0x00007ffc09650000 - 0x00007ffc0965a000 	C:\Windows\SYSTEM32\VERSION.dll
0x00007ffc11140000 - 0x00007ffc1118a000 	C:\Windows\System32\cfgmgr32.dll
0x00007ffbff4f0000 - 0x00007ffbff4ff000 	C:\Program Files\Android\Android Studio\jre\jre\bin\verify.dll
0x00007ffbfc3c0000 - 0x00007ffbfc3e9000 	C:\Program Files\Android\Android Studio\jre\jre\bin\java.dll
0x00007ffbfbbc0000 - 0x00007ffbfbbd6000 	C:\Program Files\Android\Android Studio\jre\jre\bin\zip.dll
0x00007ffc11860000 - 0x00007ffc11f47000 	C:\Windows\System32\SHELL32.dll
0x00007ffc11fc0000 - 0x00007ffc12069000 	C:\Windows\System32\shcore.dll
0x00007ffc10130000 - 0x00007ffc108b1000 	C:\Windows\System32\windows.storage.dll
0x00007ffc10010000 - 0x00007ffc10033000 	C:\Windows\System32\profapi.dll
0x00007ffc0ffc0000 - 0x00007ffc1000a000 	C:\Windows\System32\powrprof.dll
0x00007ffc0ff90000 - 0x00007ffc0ffa0000 	C:\Windows\System32\UMPDC.dll
0x00007ffc12a60000 - 0x00007ffc12ab2000 	C:\Windows\System32\shlwapi.dll
0x00007ffc10040000 - 0x00007ffc10051000 	C:\Windows\System32\kernel.appcore.dll
0x00007ffc110f0000 - 0x00007ffc11107000 	C:\Windows\System32\cryptsp.dll
0x00007ffbf9300000 - 0x00007ffbf931a000 	C:\Program Files\Android\Android Studio\jre\jre\bin\net.dll
0x00007ffc0f780000 - 0x00007ffc0f7e7000 	C:\Windows\system32\mswsock.dll
0x00007ffbe43a0000 - 0x00007ffbe43b3000 	C:\Program Files\Android\Android Studio\jre\jre\bin\nio.dll
0x00007ffc025f0000 - 0x00007ffc02616000 	C:\Users\Lenovo\.gradle\native\30\windows-amd64\native-platform.dll
0x00007ffbfc0f0000 - 0x00007ffbfc0fd000 	C:\Program Files\Android\Android Studio\jre\jre\bin\management.dll
0x00007ffc0f2f0000 - 0x00007ffc0f323000 	C:\Windows\system32\rsaenh.dll
0x00007ffc11110000 - 0x00007ffc11136000 	C:\Windows\System32\bcrypt.dll
0x00007ffc0feb0000 - 0x00007ffc0fed5000 	C:\Windows\SYSTEM32\USERENV.dll
0x00007ffc0f950000 - 0x00007ffc0f95c000 	C:\Windows\SYSTEM32\CRYPTBASE.dll
0x00007ffc0f490000 - 0x00007ffc0f4ca000 	C:\Windows\SYSTEM32\IPHLPAPI.DLL
0x00007ffc12e30000 - 0x00007ffc12e38000 	C:\Windows\System32\NSI.dll
0x00007ffc09a40000 - 0x00007ffc09a56000 	C:\Windows\SYSTEM32\dhcpcsvc6.DLL
0x00007ffc09f80000 - 0x00007ffc09f9c000 	C:\Windows\SYSTEM32\dhcpcsvc.DLL
0x00007ffc0f4d0000 - 0x00007ffc0f59b000 	C:\Windows\SYSTEM32\DNSAPI.dll

VM Arguments:
jvm_args: -Dorg.gradle.appname=gradlew 
java_command: org.gradle.wrapper.GradleWrapperMain -q -Ptarget-platform=android-x86 -Ptarget=D:\FlutterApp\ismart_crm\lib\main.dart -Ptrack-widget-creation=true -Pfilesystem-scheme=org-dartlang-root -Pdart-defines=flutter.inspector.structuredErrors%3Dtrue assembleDebug
java_class_path (initial): D:\FlutterApp\ismart_crm\android\\gradle\wrapper\gradle-wrapper.jar
Launcher Type: SUN_STANDARD

Environment Variables:
JAVA_HOME=C:\Program Files\Android\Android Studio\jre
CLASSPATH=D:\FlutterApp\ismart_crm\android\\gradle\wrapper\gradle-wrapper.jar
PATH=C:\Windows\system32;C:\Windows;C:\Windows\System32\Wbem;C:\Windows\System32\WindowsPowerShell\v1.0\;C:\Windows\System32\OpenSSH\;C:\Program Files\Microsoft SQL Server\130\Tools\Binn\;C:\Program Files\Microsoft SQL Server\Client SDK\ODBC\170\Tools\Binn\;C:\Program Files (x86)\Microsoft SQL Server\150\Tools\Binn\;C:\Program Files\Microsoft SQL Server\150\Tools\Binn\;C:\Program Files\Microsoft SQL Server\150\DTS\Binn\;C:\Program Files (x86)\Microsoft SQL Server\150\DTS\Binn\;C:\Program Files\dotnet\;C:\Program Files (x86)\Microsoft SQL Server\100\Tools\Binn\;C:\Program Files\Microsoft SQL Server\100\Tools\Binn\;C:\Program Files\Microsoft SQL Server\100\DTS\Binn\;C:\Program Files (x86)\Microsoft SQL Server\100\Tools\Binn\VSShell\Common7\IDE\;C:\Program Files (x86)\Microsoft Visual Studio 9.0\Common7\IDE\PrivateAssemblies\;C:\Program Files (x86)\Microsoft SQL Server\100\DTS\Binn\;C:\Program Files (x86)\Microsoft SQL Server\110\DTS\Binn\;C:\Program Files (x86)\Microsoft SQL Server\120\DTS\Binn\;C:\Program Files (x86)\Microsoft SQL Server\130\DTS\Binn\;C:\Program Files (x86)\Microsoft SQL Server\140\DTS\Binn\;C:\Program Files\nodejs\;C:\Users\Lenovo\AppData\Local\Microsoft\WindowsApps;C:\Users\Lenovo\.dotnet\tools;C:\Users\Lenovo\AppData\Local\Programs\Microsoft VS Code\bin;C:\Users\Lenovo\AppData\Roaming\npm;D:\flutter\bin\mingit\cmd
USERNAME=Lenovo
OS=Windows_NT
PROCESSOR_IDENTIFIER=AMD64 Family 23 Model 24 Stepping 1, AuthenticAMD



---------------  S Y S T E M  ---------------

OS: Windows 10.0 , 64 bit Build 18362 (10.0.18362.1110)

CPU:total 8 (initial active 8) (8 cores per cpu, 1 threads per core) family 23 model 24 stepping 1, cmov, cx8, fxsr, mmx, sse, sse2, sse3, ssse3, sse4.1, sse4.2, popcnt, avx, avx2, aes, clmul, mmxext, 3dnowpref, lzcnt, sse4a, tsc, tscinvbit, tscinv, bmi1

Memory: 4k page, physical 6223116k(123920k free), swap 25097484k(2568k free)

vm_info: OpenJDK 64-Bit Server VM (25.242-b01) for windows-amd64 JRE (1.8.0_242-release-1644-b01), built by "builder" with MS VC++ 10.0 (VS2010)

time: Tue Nov 24 09:55:43 2020
timezone: SE Asia Standard Time
elapsed time: 3 seconds (0d 0h 0m 3s)

