#
# There is insufficient memory for the Java Runtime Environment to continue.
# Native memory allocation (malloc) failed to allocate 362096 bytes for Chunk::new
# Possible reasons:
#   The system is out of physical RAM or swap space
#   The process is running with CompressedOops enabled, and the Java Heap may be blocking the growth of the native heap
# Possible solutions:
#   Reduce memory load on the system
#   Increase physical memory or swap space
#   Check if swap backing store is full
#   Decrease Java heap size (-Xmx/-Xms)
#   Decrease number of Java threads
#   Decrease Java thread stack sizes (-Xss)
#   Set larger code cache with -XX:ReservedCodeCacheSize=
#   JVM is running with Unscaled Compressed Oops mode in which the Java heap is
#     placed in the first 4GB address space. The Java Heap base address is the
#     maximum limit for the native heap growth. Please use -XX:HeapBaseMinAddress
#     to set the Java Heap base and to place the Java Heap above 4GB virtual address.
# This output file may be truncated or incomplete.
#
#  Out of Memory Error (allocation.cpp:389), pid=10060, tid=0x0000000000008668
#
# JRE version: OpenJDK Runtime Environment (8.0_242-b01) (build 1.8.0_242-release-1644-b01)
# Java VM: OpenJDK 64-Bit Server VM (25.242-b01 mixed mode windows-amd64 compressed oops)
# Failed to write core dump. Minidumps are not enabled by default on client versions of Windows
#

---------------  T H R E A D  ---------------

Current thread (0x00000000188d3000):  JavaThread "C2 CompilerThread0" daemon [_thread_in_native, id=34408, stack(0x00000000191c0000,0x00000000192c0000)]

Stack: [0x00000000191c0000,0x00000000192c0000]
[error occurred during error reporting (printing stack bounds), id 0xc0000005]

Native frames: (J=compiled Java code, j=interpreted, Vv=VM code, C=native code)


Current CompileTask:
C2:   3997 1381       4       java.net.URLClassLoader$1::run (5 bytes)


---------------  P R O C E S S  ---------------

Java Threads: ( => current thread )
  0x000000001a102000 JavaThread "Cache worker for journal cache (C:\Users\Lenovo\.gradle\caches\journal-1)" [_thread_blocked, id=34736, stack(0x000000001d500000,0x000000001d600000)]
  0x000000001a0ff800 JavaThread "File lock request listener" [_thread_in_native, id=38140, stack(0x000000001d400000,0x000000001d500000)]
  0x000000001a8a8800 JavaThread "Cache worker for file hash cache (C:\Users\Lenovo\.gradle\caches\5.6.2\fileHashes)" [_thread_blocked, id=6084, stack(0x000000001d300000,0x000000001d400000)]
  0x000000001b371800 JavaThread "Thread-9" [_thread_blocked, id=21484, stack(0x000000001d200000,0x000000001d300000)]
  0x000000001b35c800 JavaThread "Stdin handler" [_thread_blocked, id=34888, stack(0x000000001d100000,0x000000001d200000)]
  0x000000001b359800 JavaThread "Asynchronous log dispatcher for DefaultDaemonConnection: socket connection from /127.0.0.1:56123 to /127.0.0.1:56124" [_thread_blocked, id=24676, stack(0x000000001cf00000,0x000000001d000000)]
  0x000000001b347800 JavaThread "Daemon worker" [_thread_in_vm, id=33396, stack(0x000000001cc00000,0x000000001cd00000)]
  0x000000001b346800 JavaThread "Cancel handler" [_thread_blocked, id=18484, stack(0x000000001cb00000,0x000000001cc00000)]
  0x000000001b2e6800 JavaThread "Handler for socket connection from /127.0.0.1:56123 to /127.0.0.1:56124" [_thread_in_native, id=22160, stack(0x000000001ca00000,0x000000001cb00000)]
  0x000000001b2df000 JavaThread "Daemon" [_thread_blocked, id=14820, stack(0x000000001c900000,0x000000001ca00000)]
  0x000000001b2f0000 JavaThread "Daemon periodic checks" [_thread_blocked, id=30068, stack(0x000000001c800000,0x000000001c900000)]
  0x000000001b2fb800 JavaThread "Incoming local TCP Connector on port 56123" [_thread_in_native, id=35808, stack(0x000000001c5c0000,0x000000001c6c0000)]
  0x000000001b1e0000 JavaThread "Daemon health stats" [_thread_blocked, id=24296, stack(0x000000001bf80000,0x000000001c080000)]
  0x00000000189ad000 JavaThread "Service Thread" daemon [_thread_blocked, id=13928, stack(0x00000000195c0000,0x00000000196c0000)]
  0x0000000018932000 JavaThread "C1 CompilerThread3" daemon [_thread_blocked, id=34224, stack(0x00000000194c0000,0x00000000195c0000)]
  0x0000000018924800 JavaThread "C2 CompilerThread2" daemon [_thread_in_native, id=25576, stack(0x00000000193c0000,0x00000000194c0000)]
  0x00000000188da000 JavaThread "C2 CompilerThread1" daemon [_thread_in_native, id=30860, stack(0x00000000192c0000,0x00000000193c0000)]
=>0x00000000188d3000 JavaThread "C2 CompilerThread0" daemon [_thread_in_native, id=34408, stack(0x00000000191c0000,0x00000000192c0000)]
  0x000000001891e000 JavaThread "Attach Listener" daemon [_thread_blocked, id=3644, stack(0x00000000190c0000,0x00000000191c0000)]
  0x000000001891d800 JavaThread "Signal Dispatcher" daemon [_thread_blocked, id=33520, stack(0x0000000018fc0000,0x00000000190c0000)]
  0x0000000002d1c800 JavaThread "Finalizer" daemon [_thread_blocked, id=31168, stack(0x0000000018da0000,0x0000000018ea0000)]
  0x00000000188c0800 JavaThread "Reference Handler" daemon [_thread_blocked, id=22052, stack(0x0000000018ca0000,0x0000000018da0000)]
  0x0000000002c22800 JavaThread "main" [_thread_blocked, id=21696, stack(0x0000000002b20000,0x0000000002c20000)]

Other Threads:
  0x0000000016ad7000 VMThread [stack: 0x00000000187a0000,0x00000000188a0000] [id=10460]
  0x00000000189ae800 WatcherThread [stack: 0x00000000196c0000,0x00000000197c0000] [id=18188]

VM state:not at safepoint (normal execution)

VM Mutex/Monitor currently owned by a thread:  ([mutex/lock_event])
[0x0000000002b1e2c0] SymbolTable_lock - owner thread: 0x0000000000000000

heap address: 0x00000000a0000000, size: 1536 MB, Compressed Oops mode: 32-bit
Narrow klass base: 0x0000000000000000, Narrow klass shift: 3
Compressed class space size: 1073741824 Address: 0x0000000100000000

Heap:
 PSYoungGen      total 28160K, used 24132K [0x00000000e0000000, 0x00000000e2780000, 0x0000000100000000)
  eden space 24064K, 83% used [0x00000000e0000000,0x00000000e1399108,0x00000000e1780000)
  from space 4096K, 99% used [0x00000000e1800000,0x00000000e1bf8020,0x00000000e1c00000)
  to   space 8192K, 0% used [0x00000000e1f80000,0x00000000e1f80000,0x00000000e2780000)
 ParOldGen       total 65536K, used 4746K [0x00000000a0000000, 0x00000000a4000000, 0x00000000e0000000)
  object space 65536K, 7% used [0x00000000a0000000,0x00000000a04a28d0,0x00000000a4000000)
 Metaspace       used 15499K, capacity 15878K, committed 16256K, reserved 1062912K
  class space    used 2188K, capacity 2341K, committed 2432K, reserved 1048576K

Card table byte_map: [0x00000000120e0000,0x00000000123f0000] byte_map_base: 0x0000000011be0000

Marking Bits: (ParMarkBitMap*) 0x000000007377f030
 Begin Bits: [0x0000000012df0000, 0x00000000145f0000)
 End Bits:   [0x00000000145f0000, 0x0000000015df0000)

Polling page: 0x00000000012b0000

CodeCache: size=245760Kb used=5338Kb max_used=5338Kb free=240421Kb
 bounds [0x0000000002d20000, 0x0000000003260000, 0x0000000011d20000]
 total_blobs=1905 nmethods=1516 adapters=302
 compilation: enabled

Compilation events (10 events):
Event: 3.987 Thread 0x0000000018932000 1504       3       com.google.common.base.Splitter::<init> (12 bytes)
Event: 3.987 Thread 0x0000000018932000 nmethod 1504 0x0000000003254cd0 code [0x0000000003254e40, 0x00000000032550f0]
Event: 3.987 Thread 0x0000000018932000 1512       3       com.google.common.base.Splitter$SplittingIterator::<init> (39 bytes)
Event: 3.987 Thread 0x0000000018932000 nmethod 1512 0x0000000003255210 code [0x0000000003255380, 0x0000000003255630]
Event: 3.987 Thread 0x0000000018932000 1513       3       com.google.common.base.AbstractIterator::<init> (12 bytes)
Event: 3.987 Thread 0x0000000018932000 nmethod 1513 0x0000000003255750 code [0x00000000032558c0, 0x0000000003255a90]
Event: 3.987 Thread 0x0000000018932000 1499       1       java.nio.Buffer::capacity (5 bytes)
Event: 3.988 Thread 0x0000000018932000 nmethod 1499 0x0000000003245750 code [0x00000000032458a0, 0x00000000032459b0]
Event: 3.988 Thread 0x0000000018932000 1517       3       java.lang.Package::<init> (56 bytes)
Event: 3.988 Thread 0x0000000018932000 nmethod 1517 0x0000000003255b50 code [0x0000000003255ca0, 0x0000000003255f10]

GC Heap History (10 events):
Event: 1.167 GC heap before
{Heap before GC invocations=1 (full 0):
 PSYoungGen      total 28672K, used 24576K [0x00000000e0000000, 0x00000000e2000000, 0x0000000100000000)
  eden space 24576K, 100% used [0x00000000e0000000,0x00000000e1800000,0x00000000e1800000)
  from space 4096K, 0% used [0x00000000e1c00000,0x00000000e1c00000,0x00000000e2000000)
  to   space 4096K, 0% used [0x00000000e1800000,0x00000000e1800000,0x00000000e1c00000)
 ParOldGen       total 65536K, used 0K [0x00000000a0000000, 0x00000000a4000000, 0x00000000e0000000)
  object space 65536K, 0% used [0x00000000a0000000,0x00000000a0000000,0x00000000a4000000)
 Metaspace       used 6405K, capacity 6576K, committed 6784K, reserved 1056768K
  class space    used 776K, capacity 812K, committed 896K, reserved 1048576K
Event: 1.173 GC heap after
Heap after GC invocations=1 (full 0):
 PSYoungGen      total 28672K, used 3736K [0x00000000e0000000, 0x00000000e2000000, 0x0000000100000000)
  eden space 24576K, 0% used [0x00000000e0000000,0x00000000e0000000,0x00000000e1800000)
  from space 4096K, 91% used [0x00000000e1800000,0x00000000e1ba63a0,0x00000000e1c00000)
  to   space 4096K, 0% used [0x00000000e1c00000,0x00000000e1c00000,0x00000000e2000000)
 ParOldGen       total 65536K, used 8K [0x00000000a0000000, 0x00000000a4000000, 0x00000000e0000000)
  object space 65536K, 0% used [0x00000000a0000000,0x00000000a0002000,0x00000000a4000000)
 Metaspace       used 6405K, capacity 6576K, committed 6784K, reserved 1056768K
  class space    used 776K, capacity 812K, committed 896K, reserved 1048576K
}
Event: 1.696 GC heap before
{Heap before GC invocations=2 (full 0):
 PSYoungGen      total 28672K, used 28312K [0x00000000e0000000, 0x00000000e2000000, 0x0000000100000000)
  eden space 24576K, 100% used [0x00000000e0000000,0x00000000e1800000,0x00000000e1800000)
  from space 4096K, 91% used [0x00000000e1800000,0x00000000e1ba63a0,0x00000000e1c00000)
  to   space 4096K, 0% used [0x00000000e1c00000,0x00000000e1c00000,0x00000000e2000000)
 ParOldGen       total 65536K, used 8K [0x00000000a0000000, 0x00000000a4000000, 0x00000000e0000000)
  object space 65536K, 0% used [0x00000000a0000000,0x00000000a0002000,0x00000000a4000000)
 Metaspace       used 6901K, capacity 7120K, committed 7424K, reserved 1056768K
  class space    used 832K, capacity 908K, committed 1024K, reserved 1048576K
Event: 1.698 GC heap after
Heap after GC invocations=2 (full 0):
 PSYoungGen      total 28672K, used 2591K [0x00000000e0000000, 0x00000000e2000000, 0x0000000100000000)
  eden space 24576K, 0% used [0x00000000e0000000,0x00000000e0000000,0x00000000e1800000)
  from space 4096K, 63% used [0x00000000e1c00000,0x00000000e1e87d88,0x00000000e2000000)
  to   space 4096K, 0% used [0x00000000e1800000,0x00000000e1800000,0x00000000e1c00000)
 ParOldGen       total 65536K, used 16K [0x00000000a0000000, 0x00000000a4000000, 0x00000000e0000000)
  object space 65536K, 0% used [0x00000000a0000000,0x00000000a0004000,0x00000000a4000000)
 Metaspace       used 6901K, capacity 7120K, committed 7424K, reserved 1056768K
  class space    used 832K, capacity 908K, committed 1024K, reserved 1048576K
}
Event: 2.484 GC heap before
{Heap before GC invocations=3 (full 0):
 PSYoungGen      total 28672K, used 27167K [0x00000000e0000000, 0x00000000e2000000, 0x0000000100000000)
  eden space 24576K, 100% used [0x00000000e0000000,0x00000000e1800000,0x00000000e1800000)
  from space 4096K, 63% used [0x00000000e1c00000,0x00000000e1e87d88,0x00000000e2000000)
  to   space 4096K, 0% used [0x00000000e1800000,0x00000000e1800000,0x00000000e1c00000)
 ParOldGen       total 65536K, used 16K [0x00000000a0000000, 0x00000000a4000000, 0x00000000e0000000)
  object space 65536K, 0% used [0x00000000a0000000,0x00000000a0004000,0x00000000a4000000)
 Metaspace       used 7364K, capacity 7626K, committed 7680K, reserved 1056768K
  class space    used 917K, capacity 1013K, committed 1024K, reserved 1048576K
Event: 2.487 GC heap after
Heap after GC invocations=3 (full 0):
 PSYoungGen      total 28672K, used 3697K [0x00000000e0000000, 0x00000000e2000000, 0x0000000100000000)
  eden space 24576K, 0% used [0x00000000e0000000,0x00000000e0000000,0x00000000e1800000)
  from space 4096K, 90% used [0x00000000e1800000,0x00000000e1b9c4e0,0x00000000e1c00000)
  to   space 4096K, 0% used [0x00000000e1c00000,0x00000000e1c00000,0x00000000e2000000)
 ParOldGen       total 65536K, used 24K [0x00000000a0000000, 0x00000000a4000000, 0x00000000e0000000)
  object space 65536K, 0% used [0x00000000a0000000,0x00000000a0006000,0x00000000a4000000)
 Metaspace       used 7364K, capacity 7626K, committed 7680K, reserved 1056768K
  class space    used 917K, capacity 1013K, committed 1024K, reserved 1048576K
}
Event: 3.538 GC heap before
{Heap before GC invocations=4 (full 0):
 PSYoungGen      total 28672K, used 28273K [0x00000000e0000000, 0x00000000e2000000, 0x0000000100000000)
  eden space 24576K, 100% used [0x00000000e0000000,0x00000000e1800000,0x00000000e1800000)
  from space 4096K, 90% used [0x00000000e1800000,0x00000000e1b9c4e0,0x00000000e1c00000)
  to   space 4096K, 0% used [0x00000000e1c00000,0x00000000e1c00000,0x00000000e2000000)
 ParOldGen       total 65536K, used 24K [0x00000000a0000000, 0x00000000a4000000, 0x00000000e0000000)
  object space 65536K, 0% used [0x00000000a0000000,0x00000000a0006000,0x00000000a4000000)
 Metaspace       used 11912K, capacity 12242K, committed 12544K, reserved 1060864K
  class space    used 1591K, capacity 1677K, committed 1792K, reserved 1048576K
Event: 3.543 GC heap after
Heap after GC invocations=4 (full 0):
 PSYoungGen      total 28672K, used 4096K [0x00000000e0000000, 0x00000000e2000000, 0x0000000100000000)
  eden space 24576K, 0% used [0x00000000e0000000,0x00000000e0000000,0x00000000e1800000)
  from space 4096K, 100% used [0x00000000e1c00000,0x00000000e2000000,0x00000000e2000000)
  to   space 4096K, 0% used [0x00000000e1800000,0x00000000e1800000,0x00000000e1c00000)
 ParOldGen       total 65536K, used 1944K [0x00000000a0000000, 0x00000000a4000000, 0x00000000e0000000)
  object space 65536K, 2% used [0x00000000a0000000,0x00000000a01e6250,0x00000000a4000000)
 Metaspace       used 11912K, capacity 12242K, committed 12544K, reserved 1060864K
  class space    used 1591K, capacity 1677K, committed 1792K, reserved 1048576K
}
Event: 3.780 GC heap before
{Heap before GC invocations=5 (full 0):
 PSYoungGen      total 28672K, used 28672K [0x00000000e0000000, 0x00000000e2000000, 0x0000000100000000)
  eden space 24576K, 100% used [0x00000000e0000000,0x00000000e1800000,0x00000000e1800000)
  from space 4096K, 100% used [0x00000000e1c00000,0x00000000e2000000,0x00000000e2000000)
  to   space 4096K, 0% used [0x00000000e1800000,0x00000000e1800000,0x00000000e1c00000)
 ParOldGen       total 65536K, used 1944K [0x00000000a0000000, 0x00000000a4000000, 0x00000000e0000000)
  object space 65536K, 2% used [0x00000000a0000000,0x00000000a01e6250,0x00000000a4000000)
 Metaspace       used 14037K, capacity 14298K, committed 14464K, reserved 1060864K
  class space    used 1941K, capacity 2065K, committed 2176K, reserved 1048576K
Event: 3.786 GC heap after
Heap after GC invocations=5 (full 0):
 PSYoungGen      total 28160K, used 4064K [0x00000000e0000000, 0x00000000e2780000, 0x0000000100000000)
  eden space 24064K, 0% used [0x00000000e0000000,0x00000000e0000000,0x00000000e1780000)
  from space 4096K, 99% used [0x00000000e1800000,0x00000000e1bf8020,0x00000000e1c00000)
  to   space 8192K, 0% used [0x00000000e1f80000,0x00000000e1f80000,0x00000000e2780000)
 ParOldGen       total 65536K, used 4746K [0x00000000a0000000, 0x00000000a4000000, 0x00000000e0000000)
  object space 65536K, 7% used [0x00000000a0000000,0x00000000a04a28d0,0x00000000a4000000)
 Metaspace       used 14037K, capacity 14298K, committed 14464K, reserved 1060864K
  class space    used 1941K, capacity 2065K, committed 2176K, reserved 1048576K
}

Deoptimization events (10 events):
Event: 2.644 Thread 0x0000000002c22800 Uncommon trap: reason=bimorphic action=maybe_recompile pc=0x0000000002fb5c6c method=java.util.HashMap.putVal(ILjava/lang/Object;Ljava/lang/Object;ZZ)Ljava/lang/Object; @ 203
Event: 2.982 Thread 0x0000000002c22800 Uncommon trap: reason=unstable_if action=reinterpret pc=0x0000000002fd8730 method=java.io.WinNTFileSystem.normalize(Ljava/lang/String;)Ljava/lang/String; @ 128
Event: 3.493 Thread 0x000000001b347800 Uncommon trap: reason=bimorphic action=maybe_recompile pc=0x0000000002fb4d04 method=java.util.HashMap.putVal(ILjava/lang/Object;Ljava/lang/Object;ZZ)Ljava/lang/Object; @ 253
Event: 3.493 Thread 0x000000001b347800 Uncommon trap: reason=bimorphic action=maybe_recompile pc=0x0000000002fb4d04 method=java.util.HashMap.putVal(ILjava/lang/Object;Ljava/lang/Object;ZZ)Ljava/lang/Object; @ 253
Event: 3.493 Thread 0x000000001b347800 Uncommon trap: reason=bimorphic action=maybe_recompile pc=0x0000000002fb4d04 method=java.util.HashMap.putVal(ILjava/lang/Object;Ljava/lang/Object;ZZ)Ljava/lang/Object; @ 253
Event: 3.667 Thread 0x000000001b347800 Uncommon trap: reason=class_check action=maybe_recompile pc=0x000000000301035c method=java.util.regex.Matcher.match(II)Z @ 86
Event: 3.678 Thread 0x000000001b347800 Uncommon trap: reason=class_check action=maybe_recompile pc=0x000000000301035c method=java.util.regex.Matcher.match(II)Z @ 86
Event: 3.678 Thread 0x000000001b347800 Uncommon trap: reason=class_check action=maybe_recompile pc=0x000000000301035c method=java.util.regex.Matcher.match(II)Z @ 86
Event: 3.678 Thread 0x000000001b347800 Uncommon trap: reason=class_check action=maybe_recompile pc=0x0000000002e90d88 method=java.util.regex.Matcher.match(II)Z @ 86
Event: 3.945 Thread 0x000000001b347800 Uncommon trap: reason=unstable_if action=reinterpret pc=0x00000000031a393c method=java.lang.String.lastIndexOf([CII[CIII)I @ 66

Classes redefined (0 events):
No events

Internal exceptions (10 events):
Event: 1.024 Thread 0x0000000002c22800 Exception <a 'java/lang/ArrayIndexOutOfBoundsException'> (0x00000000e133d1e0) thrown at [C:\src\AOSP-openjdk-git\hotspot\src\share\vm\runtime\sharedRuntime.cpp, line 605]
Event: 1.024 Thread 0x0000000002c22800 Exception <a 'java/lang/ArrayIndexOutOfBoundsException'> (0x00000000e134a8d8) thrown at [C:\src\AOSP-openjdk-git\hotspot\src\share\vm\runtime\sharedRuntime.cpp, line 605]
Event: 1.026 Thread 0x0000000002c22800 Exception <a 'java/lang/ArrayIndexOutOfBoundsException'> (0x00000000e135e130) thrown at [C:\src\AOSP-openjdk-git\hotspot\src\share\vm\runtime\sharedRuntime.cpp, line 605]
Event: 1.026 Thread 0x0000000002c22800 Exception <a 'java/lang/ArrayIndexOutOfBoundsException'> (0x00000000e136d778) thrown at [C:\src\AOSP-openjdk-git\hotspot\src\share\vm\runtime\sharedRuntime.cpp, line 605]
Event: 2.627 Thread 0x0000000002c22800 Exception <a 'java/lang/NoSuchFieldError': method resolution failed> (0x00000000e0927ba8) thrown at [C:\src\AOSP-openjdk-git\hotspot\src\share\vm\prims\methodHandles.cpp, line 1167]
Event: 2.629 Thread 0x0000000002c22800 Exception <a 'java/lang/NoSuchFieldError': method resolution failed> (0x00000000e0935908) thrown at [C:\src\AOSP-openjdk-git\hotspot\src\share\vm\prims\methodHandles.cpp, line 1167]
Event: 3.417 Thread 0x0000000002c22800 Exception <a 'java/io/IOException'> (0x00000000e11071a0) thrown at [C:\src\AOSP-openjdk-git\hotspot\src\share\vm\prims\jni.cpp, line 710]
Event: 3.912 Thread 0x000000001b347800 Exception <a 'java/lang/NoSuchMethodError': java.lang.Object.lambda$and$0(Ljava/util/function/Predicate;Ljava/lang/Object;)Z> (0x00000000e0e54df8) thrown at [C:\src\AOSP-openjdk-git\hotspot\src\share\vm\interpreter\linkResolver.cpp, line 620]
Event: 3.920 Thread 0x000000001b347800 Exception <a 'java/lang/IncompatibleClassChangeError': Found class java.lang.Object, but interface was expected> (0x00000000e0e6b178) thrown at [C:\src\AOSP-openjdk-git\hotspot\src\share\vm\interpreter\linkResolver.cpp, line 653]
Event: 3.924 Thread 0x000000001b347800 Exception <a 'java/lang/NoSuchMethodError': java.lang.Object.lambda$or$2(Ljava/util/function/Predicate;Ljava/lang/Object;)Z> (0x00000000e0e70100) thrown at [C:\src\AOSP-openjdk-git\hotspot\src\share\vm\interpreter\linkResolver.cpp, line 620]

Events (10 events):
Event: 3.991 loading class org/gradle/groovy/scripts/ScriptCompilationException
Event: 3.991 loading class org/gradle/groovy/scripts/ScriptCompilationException done
Event: 3.991 loading class org/gradle/api/GradleScriptException
Event: 3.991 loading class org/gradle/api/GradleScriptException done
Event: 3.992 loading class groovy/lang/GroovyResourceLoader
Event: 3.992 loading class groovy/lang/GroovyResourceLoader done
Event: 3.992 loading class groovy/lang/GroovyClassLoader
Event: 3.992 loading class groovy/lang/GroovyClassLoader done
Event: 3.994 loading class org/gradle/groovy/scripts/internal/DefaultScriptCompilationHandler$1
Event: 3.994 loading class org/gradle/groovy/scripts/internal/DefaultScriptCompilationHandler$1 done


Dynamic libraries:
0x00007ff7b5270000 - 0x00007ff7b52a1000 	C:\Program Files\Android\Android Studio\jre\bin\java.exe
0x00007ffc130e0000 - 0x00007ffc132d0000 	C:\Windows\SYSTEM32\ntdll.dll
0x00007ffc129a0000 - 0x00007ffc12a52000 	C:\Windows\System32\KERNEL32.DLL
0x00007ffc10b40000 - 0x00007ffc10de5000 	C:\Windows\System32\KERNELBASE.dll
0x00007ffc12be0000 - 0x00007ffc12c83000 	C:\Windows\System32\ADVAPI32.dll
0x00007ffc12890000 - 0x00007ffc1292e000 	C:\Windows\System32\msvcrt.dll
0x00007ffc11620000 - 0x00007ffc116b7000 	C:\Windows\System32\sechost.dll
0x00007ffc12ac0000 - 0x00007ffc12be0000 	C:\Windows\System32\RPCRT4.dll
0x00007ffc12c90000 - 0x00007ffc12e24000 	C:\Windows\System32\USER32.dll
0x00007ffc10100000 - 0x00007ffc10121000 	C:\Windows\System32\win32u.dll
0x00007ffc12ff0000 - 0x00007ffc13016000 	C:\Windows\System32\GDI32.dll
0x00007ffc108c0000 - 0x00007ffc10a56000 	C:\Windows\System32\gdi32full.dll
0x00007ffc10060000 - 0x00007ffc100fe000 	C:\Windows\System32\msvcp_win.dll
0x00007ffc10df0000 - 0x00007ffc10eea000 	C:\Windows\System32\ucrtbase.dll
0x00007ffbf4620000 - 0x00007ffbf48a4000 	C:\Windows\WinSxS\amd64_microsoft.windows.common-controls_6595b64144ccf1df_6.0.18362.1198_none_9e820b57e45ad92f\COMCTL32.dll
0x00007ffc124e0000 - 0x00007ffc12815000 	C:\Windows\System32\combase.dll
0x00007ffc10a60000 - 0x00007ffc10ae0000 	C:\Windows\System32\bcryptPrimitives.dll
0x00007ffc112d0000 - 0x00007ffc112fe000 	C:\Windows\System32\IMM32.DLL
0x0000000073a70000 - 0x0000000073b42000 	C:\Program Files\Android\Android Studio\jre\jre\bin\msvcr100.dll
0x0000000072fb0000 - 0x00000000737fb000 	C:\Program Files\Android\Android Studio\jre\jre\bin\server\jvm.dll
0x00007ffc11460000 - 0x00007ffc11468000 	C:\Windows\System32\PSAPI.DLL
0x00007ffc0db60000 - 0x00007ffc0db84000 	C:\Windows\SYSTEM32\WINMM.dll
0x00007ffc09650000 - 0x00007ffc0965a000 	C:\Windows\SYSTEM32\VERSION.dll
0x00007ffbff500000 - 0x00007ffbff509000 	C:\Windows\SYSTEM32\WSOCK32.dll
0x00007ffc11f50000 - 0x00007ffc11fbf000 	C:\Windows\System32\WS2_32.dll
0x00007ffc0d6e0000 - 0x00007ffc0d70d000 	C:\Windows\SYSTEM32\WINMMBASE.dll
0x00007ffc11140000 - 0x00007ffc1118a000 	C:\Windows\System32\cfgmgr32.dll
0x00007ffbff4f0000 - 0x00007ffbff4ff000 	C:\Program Files\Android\Android Studio\jre\jre\bin\verify.dll
0x00007ffbfc3c0000 - 0x00007ffbfc3e9000 	C:\Program Files\Android\Android Studio\jre\jre\bin\java.dll
0x00007ffbfbbc0000 - 0x00007ffbfbbd6000 	C:\Program Files\Android\Android Studio\jre\jre\bin\zip.dll
0x00007ffc11860000 - 0x00007ffc11f47000 	C:\Windows\System32\SHELL32.dll
0x00007ffc11fc0000 - 0x00007ffc12069000 	C:\Windows\System32\shcore.dll
0x00007ffc10130000 - 0x00007ffc108b1000 	C:\Windows\System32\windows.storage.dll
0x00007ffc10010000 - 0x00007ffc10033000 	C:\Windows\System32\profapi.dll
0x00007ffc0ffc0000 - 0x00007ffc1000a000 	C:\Windows\System32\powrprof.dll
0x00007ffc0ff90000 - 0x00007ffc0ffa0000 	C:\Windows\System32\UMPDC.dll
0x00007ffc12a60000 - 0x00007ffc12ab2000 	C:\Windows\System32\shlwapi.dll
0x00007ffc10040000 - 0x00007ffc10051000 	C:\Windows\System32\kernel.appcore.dll
0x00007ffc110f0000 - 0x00007ffc11107000 	C:\Windows\System32\cryptsp.dll
0x00007ffbf9300000 - 0x00007ffbf931a000 	C:\Program Files\Android\Android Studio\jre\jre\bin\net.dll
0x00007ffc0f780000 - 0x00007ffc0f7e7000 	C:\Windows\system32\mswsock.dll
0x00007ffbe43a0000 - 0x00007ffbe43b3000 	C:\Program Files\Android\Android Studio\jre\jre\bin\nio.dll
0x00007ffbec0c0000 - 0x00007ffbec0e6000 	C:\Users\Lenovo\.gradle\native\30\windows-amd64\native-platform.dll
0x00007ffbfc0f0000 - 0x00007ffbfc0fd000 	C:\Program Files\Android\Android Studio\jre\jre\bin\management.dll
0x00007ffc0f2f0000 - 0x00007ffc0f323000 	C:\Windows\system32\rsaenh.dll
0x00007ffc11110000 - 0x00007ffc11136000 	C:\Windows\System32\bcrypt.dll
0x00007ffc0feb0000 - 0x00007ffc0fed5000 	C:\Windows\SYSTEM32\USERENV.dll
0x00007ffc0f950000 - 0x00007ffc0f95c000 	C:\Windows\SYSTEM32\CRYPTBASE.dll
0x00007ffc0f490000 - 0x00007ffc0f4ca000 	C:\Windows\SYSTEM32\IPHLPAPI.DLL
0x00007ffc12e30000 - 0x00007ffc12e38000 	C:\Windows\System32\NSI.dll
0x00007ffc09a40000 - 0x00007ffc09a56000 	C:\Windows\SYSTEM32\dhcpcsvc6.DLL
0x00007ffc09f80000 - 0x00007ffc09f9c000 	C:\Windows\SYSTEM32\dhcpcsvc.DLL
0x00007ffc0f4d0000 - 0x00007ffc0f59b000 	C:\Windows\SYSTEM32\DNSAPI.dll

VM Arguments:
jvm_args: -Xmx1536M -Dfile.encoding=x-windows-874 -Duser.country=US -Duser.language=en -Duser.variant 
java_command: org.gradle.launcher.daemon.bootstrap.GradleDaemon 5.6.2
java_class_path (initial): C:\Users\Lenovo\.gradle\wrapper\dists\gradle-5.6.2-all\9st6wgf78h16so49nn74lgtbb\gradle-5.6.2\lib\gradle-launcher-5.6.2.jar
Launcher Type: SUN_STANDARD

Environment Variables:
JAVA_HOME=C:\Program Files\Android\Android Studio\jre
CLASSPATH=D:\FlutterApp\ismart_crm\android\\gradle\wrapper\gradle-wrapper.jar
PATH=C:\Windows\system32;C:\Windows;C:\Windows\System32\Wbem;C:\Windows\System32\WindowsPowerShell\v1.0\;C:\Windows\System32\OpenSSH\;C:\Program Files\Microsoft SQL Server\130\Tools\Binn\;C:\Program Files\Microsoft SQL Server\Client SDK\ODBC\170\Tools\Binn\;C:\Program Files (x86)\Microsoft SQL Server\150\Tools\Binn\;C:\Program Files\Microsoft SQL Server\150\Tools\Binn\;C:\Program Files\Microsoft SQL Server\150\DTS\Binn\;C:\Program Files (x86)\Microsoft SQL Server\150\DTS\Binn\;C:\Program Files\dotnet\;C:\Program Files (x86)\Microsoft SQL Server\100\Tools\Binn\;C:\Program Files\Microsoft SQL Server\100\Tools\Binn\;C:\Program Files\Microsoft SQL Server\100\DTS\Binn\;C:\Program Files (x86)\Microsoft SQL Server\100\Tools\Binn\VSShell\Common7\IDE\;C:\Program Files (x86)\Microsoft Visual Studio 9.0\Common7\IDE\PrivateAssemblies\;C:\Program Files (x86)\Microsoft SQL Server\100\DTS\Binn\;C:\Program Files (x86)\Microsoft SQL Server\110\DTS\Binn\;C:\Program Files (x86)\Microsoft SQL Server\120\DTS\Binn\;C:\Program Files (x86)\Microsoft SQL Server\130\DTS\Binn\;C:\Program Files (x86)\Microsoft SQL Server\140\DTS\Binn\;C:\Program Files\nodejs\;C:\Program Files\Git\cmd;C:\Users\Lenovo\AppData\Local\Microsoft\WindowsApps;C:\Users\Lenovo\.dotnet\tools;C:\Users\Lenovo\AppData\Local\Programs\Microsoft VS Code\bin;C:\Users\Lenovo\AppData\Roaming\npm;D:\flutter\bin\mingit\cmd
USERNAME=Lenovo
OS=Windows_NT
PROCESSOR_IDENTIFIER=AMD64 Family 23 Model 24 Stepping 1, AuthenticAMD



---------------  S Y S T E M  ---------------

OS: Windows 10.0 , 64 bit Build 18362 (10.0.18362.1110)

CPU:total 8 (initial active 8) (8 cores per cpu, 1 threads per core) family 23 model 24 stepping 1, cmov, cx8, fxsr, mmx, sse, sse2, sse3, ssse3, sse4.1, sse4.2, popcnt, avx, avx2, aes, clmul, mmxext, 3dnowpref, lzcnt, sse4a, tsc, tscinvbit, tscinv, bmi1

Memory: 4k page, physical 6223116k(156500k free), swap 25097484k(3248k free)

vm_info: OpenJDK 64-Bit Server VM (25.242-b01) for windows-amd64 JRE (1.8.0_242-release-1644-b01), built by "builder" with MS VC++ 10.0 (VS2010)

time: Thu Dec 03 08:33:10 2020
timezone: SE Asia Standard Time
elapsed time: 4 seconds (0d 0h 0m 4s)

